{"/Users/xiaoren/Downloads/Projects/hackathon/inroad/devsoc-winners/lib/adzuna.ts": {"path":"/Users/xiaoren/Downloads/Projects/hackathon/inroad/devsoc-winners/lib/adzuna.ts","statementMap":{"0":{"start":{"line":5,"column":26},"end":{"line":5,"column":null}},"1":{"start":{"line":42,"column":16},"end":{"line":42,"column":null}},"2":{"start":{"line":43,"column":17},"end":{"line":43,"column":null}},"3":{"start":{"line":44,"column":2},"end":{"line":46,"column":null}},"4":{"start":{"line":45,"column":4},"end":{"line":45,"column":null}},"5":{"start":{"line":47,"column":2},"end":{"line":47,"column":null}},"6":{"start":{"line":51,"column":2},"end":{"line":53,"column":null}},"7":{"start":{"line":52,"column":4},"end":{"line":52,"column":null}},"8":{"start":{"line":55,"column":32},"end":{"line":55,"column":null}},"9":{"start":{"line":56,"column":2},"end":{"line":64,"column":null}},"10":{"start":{"line":57,"column":16},"end":{"line":57,"column":null}},"11":{"start":{"line":58,"column":16},"end":{"line":58,"column":null}},"12":{"start":{"line":59,"column":4},"end":{"line":63,"column":null}},"13":{"start":{"line":60,"column":6},"end":{"line":60,"column":null}},"14":{"start":{"line":61,"column":4},"end":{"line":63,"column":null}},"15":{"start":{"line":62,"column":6},"end":{"line":62,"column":null}},"16":{"start":{"line":65,"column":2},"end":{"line":67,"column":null}},"17":{"start":{"line":66,"column":4},"end":{"line":66,"column":null}},"18":{"start":{"line":68,"column":21},"end":{"line":68,"column":null}},"19":{"start":{"line":69,"column":15},"end":{"line":69,"column":null}},"20":{"start":{"line":71,"column":2},"end":{"line":78,"column":null}},"21":{"start":{"line":90,"column":16},"end":{"line":90,"column":null}},"22":{"start":{"line":91,"column":2},"end":{"line":93,"column":null}},"23":{"start":{"line":92,"column":4},"end":{"line":92,"column":null}},"24":{"start":{"line":95,"column":25},"end":{"line":95,"column":null}},"25":{"start":{"line":96,"column":21},"end":{"line":96,"column":null}},"26":{"start":{"line":98,"column":17},"end":{"line":105,"column":null}},"27":{"start":{"line":106,"column":2},"end":{"line":108,"column":null}},"28":{"start":{"line":107,"column":4},"end":{"line":107,"column":null}},"29":{"start":{"line":110,"column":2},"end":{"line":128,"column":null}},"30":{"start":{"line":111,"column":16},"end":{"line":111,"column":null}},"31":{"start":{"line":113,"column":4},"end":{"line":117,"column":null}},"32":{"start":{"line":114,"column":19},"end":{"line":114,"column":null}},"33":{"start":{"line":114,"column":48},"end":{"line":114,"column":50}},"34":{"start":{"line":115,"column":6},"end":{"line":115,"column":null}},"35":{"start":{"line":116,"column":6},"end":{"line":116,"column":null}},"36":{"start":{"line":119,"column":36},"end":{"line":119,"column":null}},"37":{"start":{"line":120,"column":10},"end":{"line":122,"column":null}},"38":{"start":{"line":122,"column":46},"end":{"line":122,"column":56}},"39":{"start":{"line":124,"column":4},"end":{"line":124,"column":null}},"40":{"start":{"line":126,"column":4},"end":{"line":126,"column":null}},"41":{"start":{"line":127,"column":4},"end":{"line":127,"column":null}}},"fnMap":{"0":{"name":"getCreds","decl":{"start":{"line":41,"column":9},"end":{"line":41,"column":62}},"loc":{"start":{"line":41,"column":62},"end":{"line":48,"column":null}},"line":41},"1":{"name":"mapResult","decl":{"start":{"line":50,"column":9},"end":{"line":50,"column":19}},"loc":{"start":{"line":50,"column":68},"end":{"line":79,"column":null}},"line":50},"2":{"name":"searchJobsAdzuna","decl":{"start":{"line":86,"column":22},"end":{"line":86,"column":null}},"loc":{"start":{"line":89,"column":33},"end":{"line":129,"column":null}},"line":89},"3":{"name":"(anonymous_3)","decl":{"start":{"line":114,"column":42},"end":{"line":114,"column":48}},"loc":{"start":{"line":114,"column":48},"end":{"line":114,"column":50}},"line":114},"4":{"name":"(anonymous_4)","decl":{"start":{"line":122,"column":14},"end":{"line":122,"column":15}},"loc":{"start":{"line":122,"column":46},"end":{"line":122,"column":56}},"line":122}},"branchMap":{"0":{"loc":{"start":{"line":44,"column":2},"end":{"line":46,"column":null}},"type":"if","locations":[{"start":{"line":44,"column":2},"end":{"line":46,"column":null}},{"start":{},"end":{}}],"line":44},"1":{"loc":{"start":{"line":44,"column":6},"end":{"line":44,"column":25}},"type":"binary-expr","locations":[{"start":{"line":44,"column":6},"end":{"line":44,"column":16}},{"start":{"line":44,"column":16},"end":{"line":44,"column":25}}],"line":44},"2":{"loc":{"start":{"line":51,"column":2},"end":{"line":53,"column":null}},"type":"if","locations":[{"start":{"line":51,"column":2},"end":{"line":53,"column":null}},{"start":{},"end":{}}],"line":51},"3":{"loc":{"start":{"line":56,"column":2},"end":{"line":64,"column":null}},"type":"if","locations":[{"start":{"line":56,"column":2},"end":{"line":64,"column":null}},{"start":{},"end":{}}],"line":56},"4":{"loc":{"start":{"line":56,"column":6},"end":{"line":56,"column":40}},"type":"binary-expr","locations":[{"start":{"line":56,"column":6},"end":{"line":56,"column":24}},{"start":{"line":56,"column":24},"end":{"line":56,"column":40}}],"line":56},"5":{"loc":{"start":{"line":57,"column":16},"end":{"line":57,"column":null}},"type":"cond-expr","locations":[{"start":{"line":57,"column":33},"end":{"line":57,"column":62}},{"start":{"line":57,"column":62},"end":{"line":57,"column":null}}],"line":57},"6":{"loc":{"start":{"line":58,"column":16},"end":{"line":58,"column":null}},"type":"cond-expr","locations":[{"start":{"line":58,"column":33},"end":{"line":58,"column":62}},{"start":{"line":58,"column":62},"end":{"line":58,"column":null}}],"line":58},"7":{"loc":{"start":{"line":59,"column":4},"end":{"line":63,"column":null}},"type":"if","locations":[{"start":{"line":59,"column":4},"end":{"line":63,"column":null}},{"start":{"line":61,"column":4},"end":{"line":63,"column":null}}],"line":59},"8":{"loc":{"start":{"line":59,"column":8},"end":{"line":59,"column":20}},"type":"binary-expr","locations":[{"start":{"line":59,"column":8},"end":{"line":59,"column":15}},{"start":{"line":59,"column":15},"end":{"line":59,"column":20}}],"line":59},"9":{"loc":{"start":{"line":61,"column":4},"end":{"line":63,"column":null}},"type":"if","locations":[{"start":{"line":61,"column":4},"end":{"line":63,"column":null}},{"start":{},"end":{}}],"line":61},"10":{"loc":{"start":{"line":61,"column":15},"end":{"line":61,"column":27}},"type":"binary-expr","locations":[{"start":{"line":61,"column":15},"end":{"line":61,"column":22}},{"start":{"line":61,"column":22},"end":{"line":61,"column":27}}],"line":61},"11":{"loc":{"start":{"line":62,"column":30},"end":{"line":62,"column":40}},"type":"binary-expr","locations":[{"start":{"line":62,"column":30},"end":{"line":62,"column":37}},{"start":{"line":62,"column":37},"end":{"line":62,"column":40}}],"line":62},"12":{"loc":{"start":{"line":65,"column":2},"end":{"line":67,"column":null}},"type":"if","locations":[{"start":{"line":65,"column":2},"end":{"line":67,"column":null}},{"start":{},"end":{}}],"line":65},"13":{"loc":{"start":{"line":75,"column":10},"end":{"line":75,"column":null}},"type":"binary-expr","locations":[{"start":{"line":75,"column":10},"end":{"line":75,"column":18}},{"start":{"line":75,"column":18},"end":{"line":75,"column":null}}],"line":75},"14":{"loc":{"start":{"line":91,"column":2},"end":{"line":93,"column":null}},"type":"if","locations":[{"start":{"line":91,"column":2},"end":{"line":93,"column":null}},{"start":{},"end":{}}],"line":91},"15":{"loc":{"start":{"line":95,"column":25},"end":{"line":95,"column":null}},"type":"binary-expr","locations":[{"start":{"line":95,"column":25},"end":{"line":95,"column":49}},{"start":{"line":95,"column":49},"end":{"line":95,"column":null}}],"line":95},"16":{"loc":{"start":{"line":96,"column":21},"end":{"line":96,"column":null}},"type":"binary-expr","locations":[{"start":{"line":96,"column":21},"end":{"line":96,"column":41}},{"start":{"line":96,"column":41},"end":{"line":96,"column":null}}],"line":96},"17":{"loc":{"start":{"line":106,"column":2},"end":{"line":108,"column":null}},"type":"if","locations":[{"start":{"line":106,"column":2},"end":{"line":108,"column":null}},{"start":{},"end":{}}],"line":106},"18":{"loc":{"start":{"line":113,"column":4},"end":{"line":117,"column":null}},"type":"if","locations":[{"start":{"line":113,"column":4},"end":{"line":117,"column":null}},{"start":{},"end":{}}],"line":113},"19":{"loc":{"start":{"line":120,"column":21},"end":{"line":120,"column":null}},"type":"binary-expr","locations":[{"start":{"line":120,"column":21},"end":{"line":120,"column":37}},{"start":{"line":120,"column":37},"end":{"line":120,"column":null}}],"line":120}},"s":{"0":1,"1":8,"2":8,"3":8,"4":1,"5":7,"6":5,"7":1,"8":4,"9":4,"10":2,"11":2,"12":2,"13":1,"14":1,"15":1,"16":4,"17":1,"18":4,"19":4,"20":4,"21":8,"22":8,"23":1,"24":7,"25":8,"26":8,"27":8,"28":1,"29":7,"30":7,"31":6,"32":1,"33":0,"34":1,"35":1,"36":5,"37":5,"38":5,"39":8,"40":1,"41":1},"f":{"0":8,"1":5,"2":8,"3":0,"4":5},"b":{"0":[1,7],"1":[8,7],"2":[1,4],"3":[2,2],"4":[4,2],"5":[2,0],"6":[1,1],"7":[1,1],"8":[2,2],"9":[1,0],"10":[1,0],"11":[1,0],"12":[1,3],"13":[4,0],"14":[1,7],"15":[7,6],"16":[8,6],"17":[1,7],"18":[1,5],"19":[5,0]},"meta":{"lastBranch":20,"lastFunction":5,"lastStatement":42,"seen":{"s:5:26:5:Infinity":0,"f:41:9:41:62":0,"s:42:16:42:Infinity":1,"s:43:17:43:Infinity":2,"b:44:2:46:Infinity:undefined:undefined:undefined:undefined":0,"s:44:2:46:Infinity":3,"b:44:6:44:16:44:16:44:25":1,"s:45:4:45:Infinity":4,"s:47:2:47:Infinity":5,"f:50:9:50:19":1,"b:51:2:53:Infinity:undefined:undefined:undefined:undefined":2,"s:51:2:53:Infinity":6,"s:52:4:52:Infinity":7,"s:55:32:55:Infinity":8,"b:56:2:64:Infinity:undefined:undefined:undefined:undefined":3,"s:56:2:64:Infinity":9,"b:56:6:56:24:56:24:56:40":4,"s:57:16:57:Infinity":10,"b:57:33:57:62:57:62:57:Infinity":5,"s:58:16:58:Infinity":11,"b:58:33:58:62:58:62:58:Infinity":6,"b:59:4:63:Infinity:61:4:63:Infinity":7,"s:59:4:63:Infinity":12,"b:59:8:59:15:59:15:59:20":8,"s:60:6:60:Infinity":13,"b:61:4:63:Infinity:undefined:undefined:undefined:undefined":9,"s:61:4:63:Infinity":14,"b:61:15:61:22:61:22:61:27":10,"s:62:6:62:Infinity":15,"b:62:30:62:37:62:37:62:40":11,"b:65:2:67:Infinity:undefined:undefined:undefined:undefined":12,"s:65:2:67:Infinity":16,"s:66:4:66:Infinity":17,"s:68:21:68:Infinity":18,"s:69:15:69:Infinity":19,"s:71:2:78:Infinity":20,"b:75:10:75:18:75:18:75:Infinity":13,"f:86:22:86:Infinity":2,"s:90:16:90:Infinity":21,"b:91:2:93:Infinity:undefined:undefined:undefined:undefined":14,"s:91:2:93:Infinity":22,"s:92:4:92:Infinity":23,"s:95:25:95:Infinity":24,"b:95:25:95:49:95:49:95:Infinity":15,"s:96:21:96:Infinity":25,"b:96:21:96:41:96:41:96:Infinity":16,"s:98:17:105:Infinity":26,"b:106:2:108:Infinity:undefined:undefined:undefined:undefined":17,"s:106:2:108:Infinity":27,"s:107:4:107:Infinity":28,"s:110:2:128:Infinity":29,"s:111:16:111:Infinity":30,"b:113:4:117:Infinity:undefined:undefined:undefined:undefined":18,"s:113:4:117:Infinity":31,"s:114:19:114:Infinity":32,"f:114:42:114:48":3,"s:114:48:114:50":33,"s:115:6:115:Infinity":34,"s:116:6:116:Infinity":35,"s:119:36:119:Infinity":36,"s:120:10:122:Infinity":37,"b:120:21:120:37:120:37:120:Infinity":19,"f:122:14:122:15":4,"s:122:46:122:56":38,"s:124:4:124:Infinity":39,"s:126:4:126:Infinity":40,"s:127:4:127:Infinity":41},"fnNames":{}}}
,"/Users/xiaoren/Downloads/Projects/hackathon/inroad/devsoc-winners/lib/demo-fixtures.ts": {"path":"/Users/xiaoren/Downloads/Projects/hackathon/inroad/devsoc-winners/lib/demo-fixtures.ts","statementMap":{"0":{"start":{"line":8,"column":25},"end":{"line":37,"column":null}},"1":{"start":{"line":39,"column":25},"end":{"line":63,"column":null}},"2":{"start":{"line":65,"column":28},"end":{"line":88,"column":null}},"3":{"start":{"line":90,"column":20},"end":{"line":94,"column":null}}},"fnMap":{},"branchMap":{},"s":{"0":1,"1":1,"2":1,"3":1},"f":{},"b":{},"meta":{"lastBranch":0,"lastFunction":0,"lastStatement":4,"seen":{"s:8:25:37:Infinity":0,"s:39:25:63:Infinity":1,"s:65:28:88:Infinity":2,"s:90:20:94:Infinity":3},"fnNames":{}}}
,"/Users/xiaoren/Downloads/Projects/hackathon/inroad/devsoc-winners/lib/exa.ts": {"path":"/Users/xiaoren/Downloads/Projects/hackathon/inroad/devsoc-winners/lib/exa.ts","statementMap":{"0":{"start":{"line":8,"column":23},"end":{"line":8,"column":null}},"1":{"start":{"line":23,"column":14},"end":{"line":23,"column":null}},"2":{"start":{"line":24,"column":2},"end":{"line":26,"column":null}},"3":{"start":{"line":25,"column":4},"end":{"line":25,"column":null}},"4":{"start":{"line":27,"column":2},"end":{"line":27,"column":null}},"5":{"start":{"line":31,"column":14},"end":{"line":38,"column":null}},"6":{"start":{"line":40,"column":2},"end":{"line":43,"column":null}},"7":{"start":{"line":41,"column":17},"end":{"line":41,"column":null}},"8":{"start":{"line":41,"column":46},"end":{"line":41,"column":48}},"9":{"start":{"line":42,"column":4},"end":{"line":42,"column":null}},"10":{"start":{"line":45,"column":2},"end":{"line":45,"column":null}},"11":{"start":{"line":69,"column":2},"end":{"line":83,"column":null}},"12":{"start":{"line":92,"column":2},"end":{"line":100,"column":null}},"13":{"start":{"line":110,"column":2},"end":{"line":117,"column":null}},"14":{"start":{"line":130,"column":2},"end":{"line":137,"column":null}}},"fnMap":{"0":{"name":"getApiKey","decl":{"start":{"line":22,"column":9},"end":{"line":22,"column":29}},"loc":{"start":{"line":22,"column":29},"end":{"line":28,"column":null}},"line":22},"1":{"name":"exaSearch","decl":{"start":{"line":30,"column":15},"end":{"line":30,"column":25}},"loc":{"start":{"line":30,"column":84},"end":{"line":46,"column":null}},"line":30},"2":{"name":"(anonymous_2)","decl":{"start":{"line":41,"column":40},"end":{"line":41,"column":46}},"loc":{"start":{"line":41,"column":46},"end":{"line":41,"column":48}},"line":41},"3":{"name":"searchJobsExa","decl":{"start":{"line":57,"column":22},"end":{"line":57,"column":null}},"loc":{"start":{"line":68,"column":30},"end":{"line":84,"column":null}},"line":68},"4":{"name":"searchPeopleExa","decl":{"start":{"line":91,"column":22},"end":{"line":91,"column":38}},"loc":{"start":{"line":91,"column":113},"end":{"line":101,"column":null}},"line":91},"5":{"name":"searchPeopleWebExa","decl":{"start":{"line":109,"column":22},"end":{"line":109,"column":41}},"loc":{"start":{"line":109,"column":116},"end":{"line":118,"column":null}},"line":109},"6":{"name":"searchCompaniesExa","decl":{"start":{"line":126,"column":22},"end":{"line":126,"column":null}},"loc":{"start":{"line":129,"column":30},"end":{"line":138,"column":null}},"line":129}},"branchMap":{"0":{"loc":{"start":{"line":24,"column":2},"end":{"line":26,"column":null}},"type":"if","locations":[{"start":{"line":24,"column":2},"end":{"line":26,"column":null}},{"start":{},"end":{}}],"line":24},"1":{"loc":{"start":{"line":40,"column":2},"end":{"line":43,"column":null}},"type":"if","locations":[{"start":{"line":40,"column":2},"end":{"line":43,"column":null}},{"start":{},"end":{}}],"line":40},"2":{"loc":{"start":{"line":71,"column":16},"end":{"line":71,"column":null}},"type":"binary-expr","locations":[{"start":{"line":71,"column":16},"end":{"line":71,"column":36}},{"start":{"line":71,"column":36},"end":{"line":71,"column":null}}],"line":71},"3":{"loc":{"start":{"line":76,"column":8},"end":{"line":76,"column":null}},"type":"cond-expr","locations":[{"start":{"line":76,"column":31},"end":{"line":76,"column":73}},{"start":{"line":76,"column":73},"end":{"line":76,"column":null}}],"line":76},"4":{"loc":{"start":{"line":77,"column":8},"end":{"line":79,"column":null}},"type":"cond-expr","locations":[{"start":{"line":78,"column":8},"end":{"line":78,"column":null}},{"start":{"line":79,"column":8},"end":{"line":79,"column":null}}],"line":77},"5":{"loc":{"start":{"line":94,"column":16},"end":{"line":94,"column":null}},"type":"binary-expr","locations":[{"start":{"line":94,"column":16},"end":{"line":94,"column":36}},{"start":{"line":94,"column":36},"end":{"line":94,"column":null}}],"line":94},"6":{"loc":{"start":{"line":112,"column":16},"end":{"line":112,"column":null}},"type":"binary-expr","locations":[{"start":{"line":112,"column":16},"end":{"line":112,"column":36}},{"start":{"line":112,"column":36},"end":{"line":112,"column":null}}],"line":112},"7":{"loc":{"start":{"line":132,"column":16},"end":{"line":132,"column":null}},"type":"binary-expr","locations":[{"start":{"line":132,"column":16},"end":{"line":132,"column":36}},{"start":{"line":132,"column":36},"end":{"line":132,"column":null}}],"line":132},"8":{"loc":{"start":{"line":135,"column":8},"end":{"line":135,"column":null}},"type":"cond-expr","locations":[{"start":{"line":135,"column":31},"end":{"line":135,"column":73}},{"start":{"line":135,"column":73},"end":{"line":135,"column":null}}],"line":135}},"s":{"0":1,"1":9,"2":9,"3":1,"4":8,"5":9,"6":8,"7":1,"8":0,"9":1,"10":7,"11":6,"12":1,"13":1,"14":1},"f":{"0":9,"1":9,"2":0,"3":6,"4":1,"5":1,"6":1},"b":{"0":[1,8],"1":[1,7],"2":[6,5],"3":[1,5],"4":[1,5],"5":[1,1],"6":[1,1],"7":[1,1],"8":[0,1]},"meta":{"lastBranch":9,"lastFunction":7,"lastStatement":15,"seen":{"s:8:23:8:Infinity":0,"f:22:9:22:29":0,"s:23:14:23:Infinity":1,"b:24:2:26:Infinity:undefined:undefined:undefined:undefined":0,"s:24:2:26:Infinity":2,"s:25:4:25:Infinity":3,"s:27:2:27:Infinity":4,"f:30:15:30:25":1,"s:31:14:38:Infinity":5,"b:40:2:43:Infinity:undefined:undefined:undefined:undefined":1,"s:40:2:43:Infinity":6,"s:41:17:41:Infinity":7,"f:41:40:41:46":2,"s:41:46:41:48":8,"s:42:4:42:Infinity":9,"s:45:2:45:Infinity":10,"f:57:22:57:Infinity":3,"s:69:2:83:Infinity":11,"b:71:16:71:36:71:36:71:Infinity":2,"b:76:31:76:73:76:73:76:Infinity":3,"b:78:8:78:Infinity:79:8:79:Infinity":4,"f:91:22:91:38":4,"s:92:2:100:Infinity":12,"b:94:16:94:36:94:36:94:Infinity":5,"f:109:22:109:41":5,"s:110:2:117:Infinity":13,"b:112:16:112:36:112:36:112:Infinity":6,"f:126:22:126:Infinity":6,"s:130:2:137:Infinity":14,"b:132:16:132:36:132:36:132:Infinity":7,"b:135:31:135:73:135:73:135:Infinity":8},"fnNames":{}}}
,"/Users/xiaoren/Downloads/Projects/hackathon/inroad/devsoc-winners/lib/llm.ts": {"path":"/Users/xiaoren/Downloads/Projects/hackathon/inroad/devsoc-winners/lib/llm.ts","statementMap":{"0":{"start":{"line":32,"column":19},"end":{"line":32,"column":null}},"1":{"start":{"line":33,"column":2},"end":{"line":33,"column":null}},"2":{"start":{"line":33,"column":33},"end":{"line":33,"column":null}},"3":{"start":{"line":34,"column":2},"end":{"line":34,"column":null}},"4":{"start":{"line":38,"column":16},"end":{"line":38,"column":null}},"5":{"start":{"line":40,"column":21},"end":{"line":40,"column":null}},"6":{"start":{"line":41,"column":2},"end":{"line":43,"column":null}},"7":{"start":{"line":42,"column":4},"end":{"line":42,"column":null}},"8":{"start":{"line":44,"column":2},"end":{"line":44,"column":null}},"9":{"start":{"line":55,"column":18},"end":{"line":55,"column":null}},"10":{"start":{"line":56,"column":2},"end":{"line":56,"column":null}},"11":{"start":{"line":56,"column":16},"end":{"line":56,"column":null}},"12":{"start":{"line":58,"column":16},"end":{"line":58,"column":null}},"13":{"start":{"line":59,"column":2},"end":{"line":59,"column":null}},"14":{"start":{"line":59,"column":20},"end":{"line":59,"column":null}},"15":{"start":{"line":61,"column":15},"end":{"line":61,"column":null}},"16":{"start":{"line":62,"column":16},"end":{"line":62,"column":null}},"17":{"start":{"line":63,"column":14},"end":{"line":63,"column":null}},"18":{"start":{"line":64,"column":17},"end":{"line":64,"column":null}},"19":{"start":{"line":65,"column":16},"end":{"line":65,"column":null}},"20":{"start":{"line":67,"column":2},"end":{"line":83,"column":null}},"21":{"start":{"line":67,"column":15},"end":{"line":67,"column":22}},"22":{"start":{"line":68,"column":15},"end":{"line":68,"column":null}},"23":{"start":{"line":69,"column":4},"end":{"line":74,"column":null}},"24":{"start":{"line":70,"column":6},"end":{"line":72,"column":null}},"25":{"start":{"line":70,"column":19},"end":{"line":70,"column":null}},"26":{"start":{"line":70,"column":29},"end":{"line":72,"column":null}},"27":{"start":{"line":71,"column":28},"end":{"line":71,"column":null}},"28":{"start":{"line":71,"column":38},"end":{"line":72,"column":null}},"29":{"start":{"line":72,"column":27},"end":{"line":72,"column":null}},"30":{"start":{"line":73,"column":6},"end":{"line":73,"column":null}},"31":{"start":{"line":75,"column":4},"end":{"line":82,"column":null}},"32":{"start":{"line":76,"column":6},"end":{"line":76,"column":null}},"33":{"start":{"line":77,"column":4},"end":{"line":82,"column":null}},"34":{"start":{"line":78,"column":6},"end":{"line":78,"column":null}},"35":{"start":{"line":79,"column":4},"end":{"line":82,"column":null}},"36":{"start":{"line":80,"column":6},"end":{"line":80,"column":null}},"37":{"start":{"line":81,"column":6},"end":{"line":81,"column":null}},"38":{"start":{"line":81,"column":23},"end":{"line":81,"column":null}},"39":{"start":{"line":87,"column":2},"end":{"line":87,"column":null}},"40":{"start":{"line":91,"column":20},"end":{"line":91,"column":null}},"41":{"start":{"line":93,"column":12},"end":{"line":100,"column":null}},"42":{"start":{"line":102,"column":15},"end":{"line":102,"column":null}},"43":{"start":{"line":103,"column":2},"end":{"line":111,"column":null}},"44":{"start":{"line":104,"column":4},"end":{"line":110,"column":null}},"45":{"start":{"line":105,"column":6},"end":{"line":109,"column":null}},"46":{"start":{"line":106,"column":8},"end":{"line":106,"column":null}},"47":{"start":{"line":108,"column":8},"end":{"line":108,"column":null}},"48":{"start":{"line":113,"column":2},"end":{"line":115,"column":null}},"49":{"start":{"line":114,"column":4},"end":{"line":114,"column":null}},"50":{"start":{"line":117,"column":2},"end":{"line":117,"column":null}},"51":{"start":{"line":121,"column":17},"end":{"line":121,"column":null}},"52":{"start":{"line":122,"column":16},"end":{"line":122,"column":null}},"53":{"start":{"line":124,"column":2},"end":{"line":126,"column":null}},"54":{"start":{"line":125,"column":4},"end":{"line":125,"column":null}},"55":{"start":{"line":128,"column":14},"end":{"line":141,"column":null}},"56":{"start":{"line":143,"column":2},"end":{"line":146,"column":null}},"57":{"start":{"line":144,"column":17},"end":{"line":144,"column":null}},"58":{"start":{"line":144,"column":46},"end":{"line":144,"column":48}},"59":{"start":{"line":145,"column":4},"end":{"line":145,"column":null}},"60":{"start":{"line":148,"column":15},"end":{"line":148,"column":null}},"61":{"start":{"line":149,"column":18},"end":{"line":149,"column":null}},"62":{"start":{"line":150,"column":2},"end":{"line":152,"column":null}},"63":{"start":{"line":151,"column":4},"end":{"line":151,"column":null}},"64":{"start":{"line":153,"column":2},"end":{"line":153,"column":null}},"65":{"start":{"line":161,"column":19},"end":{"line":161,"column":null}},"66":{"start":{"line":163,"column":4},"end":{"line":165,"column":null}},"67":{"start":{"line":167,"column":2},"end":{"line":167,"column":null}},"68":{"start":{"line":176,"column":19},"end":{"line":176,"column":null}},"69":{"start":{"line":177,"column":18},"end":{"line":177,"column":null}},"70":{"start":{"line":179,"column":2},"end":{"line":245,"column":null}},"71":{"start":{"line":180,"column":4},"end":{"line":244,"column":null}},"72":{"start":{"line":182,"column":8},"end":{"line":242,"column":null}},"73":{"start":{"line":183,"column":25},"end":{"line":183,"column":null}},"74":{"start":{"line":184,"column":24},"end":{"line":184,"column":null}},"75":{"start":{"line":185,"column":10},"end":{"line":187,"column":null}},"76":{"start":{"line":186,"column":12},"end":{"line":186,"column":null}},"77":{"start":{"line":189,"column":22},"end":{"line":203,"column":null}},"78":{"start":{"line":205,"column":10},"end":{"line":208,"column":null}},"79":{"start":{"line":206,"column":25},"end":{"line":206,"column":null}},"80":{"start":{"line":206,"column":54},"end":{"line":206,"column":56}},"81":{"start":{"line":207,"column":12},"end":{"line":207,"column":null}},"82":{"start":{"line":210,"column":25},"end":{"line":210,"column":null}},"83":{"start":{"line":211,"column":26},"end":{"line":211,"column":null}},"84":{"start":{"line":212,"column":23},"end":{"line":212,"column":null}},"85":{"start":{"line":214,"column":10},"end":{"line":237,"column":null}},"86":{"start":{"line":215,"column":36},"end":{"line":215,"column":null}},"87":{"start":{"line":216,"column":12},"end":{"line":216,"column":null}},"88":{"start":{"line":216,"column":22},"end":{"line":216,"column":null}},"89":{"start":{"line":217,"column":12},"end":{"line":217,"column":null}},"90":{"start":{"line":219,"column":26},"end":{"line":219,"column":null}},"91":{"start":{"line":220,"column":12},"end":{"line":220,"column":null}},"92":{"start":{"line":222,"column":12},"end":{"line":236,"column":null}},"93":{"start":{"line":223,"column":30},"end":{"line":223,"column":null}},"94":{"start":{"line":224,"column":14},"end":{"line":224,"column":null}},"95":{"start":{"line":224,"column":48},"end":{"line":224,"column":null}},"96":{"start":{"line":225,"column":30},"end":{"line":225,"column":null}},"97":{"start":{"line":226,"column":14},"end":{"line":226,"column":null}},"98":{"start":{"line":226,"column":40},"end":{"line":226,"column":null}},"99":{"start":{"line":227,"column":14},"end":{"line":235,"column":null}},"100":{"start":{"line":228,"column":31},"end":{"line":228,"column":null}},"101":{"start":{"line":229,"column":30},"end":{"line":229,"column":null}},"102":{"start":{"line":230,"column":16},"end":{"line":232,"column":null}},"103":{"start":{"line":231,"column":18},"end":{"line":231,"column":null}},"104":{"start":{"line":239,"column":10},"end":{"line":239,"column":null}},"105":{"start":{"line":241,"column":10},"end":{"line":241,"column":null}},"106":{"start":{"line":249,"column":2},"end":{"line":283,"column":null}},"107":{"start":{"line":251,"column":6},"end":{"line":281,"column":null}},"108":{"start":{"line":252,"column":26},"end":{"line":252,"column":null}},"109":{"start":{"line":254,"column":18},"end":{"line":261,"column":null}},"110":{"start":{"line":263,"column":8},"end":{"line":276,"column":null}},"111":{"start":{"line":264,"column":10},"end":{"line":275,"column":null}},"112":{"start":{"line":265,"column":28},"end":{"line":265,"column":null}},"113":{"start":{"line":266,"column":12},"end":{"line":272,"column":null}},"114":{"start":{"line":267,"column":14},"end":{"line":271,"column":null}},"115":{"start":{"line":268,"column":16},"end":{"line":270,"column":null}},"116":{"start":{"line":269,"column":18},"end":{"line":269,"column":null}},"117":{"start":{"line":273,"column":10},"end":{"line":275,"column":null}},"118":{"start":{"line":274,"column":12},"end":{"line":274,"column":null}},"119":{"start":{"line":278,"column":8},"end":{"line":278,"column":null}},"120":{"start":{"line":280,"column":8},"end":{"line":280,"column":null}},"121":{"start":{"line":297,"column":16},"end":{"line":297,"column":null}},"122":{"start":{"line":298,"column":18},"end":{"line":304,"column":null}},"123":{"start":{"line":299,"column":16},"end":{"line":299,"column":null}},"124":{"start":{"line":300,"column":4},"end":{"line":300,"column":null}},"125":{"start":{"line":301,"column":20},"end":{"line":301,"column":null}},"126":{"start":{"line":302,"column":19},"end":{"line":302,"column":null}},"127":{"start":{"line":303,"column":4},"end":{"line":303,"column":null}},"128":{"start":{"line":306,"column":2},"end":{"line":328,"column":null}},"129":{"start":{"line":307,"column":4},"end":{"line":307,"column":null}},"130":{"start":{"line":309,"column":25},"end":{"line":309,"column":null}},"131":{"start":{"line":310,"column":24},"end":{"line":310,"column":null}},"132":{"start":{"line":312,"column":4},"end":{"line":327,"column":null}},"133":{"start":{"line":313,"column":6},"end":{"line":313,"column":null}},"134":{"start":{"line":318,"column":6},"end":{"line":323,"column":null}},"135":{"start":{"line":324,"column":6},"end":{"line":326,"column":null}}},"fnMap":{"0":{"name":"getProvider","decl":{"start":{"line":31,"column":9},"end":{"line":31,"column":58}},"loc":{"start":{"line":31,"column":58},"end":{"line":35,"column":null}},"line":31},"1":{"name":"stripJsonFences","decl":{"start":{"line":37,"column":16},"end":{"line":37,"column":32}},"loc":{"start":{"line":37,"column":54},"end":{"line":45,"column":null}},"line":37},"2":{"name":"extractJsonCandidate","decl":{"start":{"line":54,"column":16},"end":{"line":54,"column":37}},"loc":{"start":{"line":54,"column":59},"end":{"line":88,"column":null}},"line":54},"3":{"name":"completeViaClaudeAgentSdk","decl":{"start":{"line":90,"column":15},"end":{"line":90,"column":41}},"loc":{"start":{"line":90,"column":78},"end":{"line":118,"column":null}},"line":90},"4":{"name":"completeViaOpenRouter","decl":{"start":{"line":120,"column":15},"end":{"line":120,"column":37}},"loc":{"start":{"line":120,"column":74},"end":{"line":154,"column":null}},"line":120},"5":{"name":"(anonymous_5)","decl":{"start":{"line":144,"column":40},"end":{"line":144,"column":46}},"loc":{"start":{"line":144,"column":46},"end":{"line":144,"column":48}},"line":144},"6":{"name":"complete","decl":{"start":{"line":160,"column":22},"end":{"line":160,"column":31}},"loc":{"start":{"line":160,"column":68},"end":{"line":168,"column":null}},"line":160},"7":{"name":"streamComplete","decl":{"start":{"line":175,"column":16},"end":{"line":175,"column":31}},"loc":{"start":{"line":175,"column":77},"end":{"line":284,"column":null}},"line":175},"8":{"name":"start","decl":{"start":{"line":181,"column":12},"end":{"line":181,"column":18}},"loc":{"start":{"line":181,"column":30},"end":{"line":243,"column":null}},"line":181},"9":{"name":"(anonymous_9)","decl":{"start":{"line":206,"column":48},"end":{"line":206,"column":54}},"loc":{"start":{"line":206,"column":54},"end":{"line":206,"column":56}},"line":206},"10":{"name":"start_2","decl":{"start":{"line":250,"column":10},"end":{"line":250,"column":16}},"loc":{"start":{"line":250,"column":28},"end":{"line":282,"column":null}},"line":250},"11":{"name":"completeJson","decl":{"start":{"line":292,"column":22},"end":{"line":292,"column":38}},"loc":{"start":{"line":296,"column":15},"end":{"line":329,"column":null}},"line":296},"12":{"name":"(anonymous_12)","decl":{"start":{"line":298,"column":18},"end":{"line":298,"column":25}},"loc":{"start":{"line":298,"column":61},"end":{"line":304,"column":null}},"line":298}},"branchMap":{"0":{"loc":{"start":{"line":33,"column":2},"end":{"line":33,"column":null}},"type":"if","locations":[{"start":{"line":33,"column":2},"end":{"line":33,"column":null}},{"start":{},"end":{}}],"line":33},"1":{"loc":{"start":{"line":41,"column":2},"end":{"line":43,"column":null}},"type":"if","locations":[{"start":{"line":41,"column":2},"end":{"line":43,"column":null}},{"start":{},"end":{}}],"line":41},"2":{"loc":{"start":{"line":56,"column":2},"end":{"line":56,"column":null}},"type":"if","locations":[{"start":{"line":56,"column":2},"end":{"line":56,"column":null}},{"start":{},"end":{}}],"line":56},"3":{"loc":{"start":{"line":59,"column":2},"end":{"line":59,"column":null}},"type":"if","locations":[{"start":{"line":59,"column":2},"end":{"line":59,"column":null}},{"start":{},"end":{}}],"line":59},"4":{"loc":{"start":{"line":62,"column":16},"end":{"line":62,"column":null}},"type":"cond-expr","locations":[{"start":{"line":62,"column":31},"end":{"line":62,"column":37}},{"start":{"line":62,"column":37},"end":{"line":62,"column":null}}],"line":62},"5":{"loc":{"start":{"line":69,"column":4},"end":{"line":74,"column":null}},"type":"if","locations":[{"start":{"line":69,"column":4},"end":{"line":74,"column":null}},{"start":{},"end":{}}],"line":69},"6":{"loc":{"start":{"line":70,"column":6},"end":{"line":72,"column":null}},"type":"if","locations":[{"start":{"line":70,"column":6},"end":{"line":72,"column":null}},{"start":{"line":70,"column":29},"end":{"line":72,"column":null}}],"line":70},"7":{"loc":{"start":{"line":70,"column":29},"end":{"line":72,"column":null}},"type":"if","locations":[{"start":{"line":70,"column":29},"end":{"line":72,"column":null}},{"start":{"line":71,"column":38},"end":{"line":72,"column":null}}],"line":70},"8":{"loc":{"start":{"line":71,"column":38},"end":{"line":72,"column":null}},"type":"if","locations":[{"start":{"line":71,"column":38},"end":{"line":72,"column":null}},{"start":{},"end":{}}],"line":71},"9":{"loc":{"start":{"line":75,"column":4},"end":{"line":82,"column":null}},"type":"if","locations":[{"start":{"line":75,"column":4},"end":{"line":82,"column":null}},{"start":{"line":77,"column":4},"end":{"line":82,"column":null}}],"line":75},"10":{"loc":{"start":{"line":77,"column":4},"end":{"line":82,"column":null}},"type":"if","locations":[{"start":{"line":77,"column":4},"end":{"line":82,"column":null}},{"start":{"line":79,"column":4},"end":{"line":82,"column":null}}],"line":77},"11":{"loc":{"start":{"line":79,"column":4},"end":{"line":82,"column":null}},"type":"if","locations":[{"start":{"line":79,"column":4},"end":{"line":82,"column":null}},{"start":{},"end":{}}],"line":79},"12":{"loc":{"start":{"line":81,"column":6},"end":{"line":81,"column":null}},"type":"if","locations":[{"start":{"line":81,"column":6},"end":{"line":81,"column":null}},{"start":{},"end":{}}],"line":81},"13":{"loc":{"start":{"line":104,"column":4},"end":{"line":110,"column":null}},"type":"if","locations":[{"start":{"line":104,"column":4},"end":{"line":110,"column":null}},{"start":{},"end":{}}],"line":104},"14":{"loc":{"start":{"line":105,"column":6},"end":{"line":109,"column":null}},"type":"if","locations":[{"start":{"line":105,"column":6},"end":{"line":109,"column":null}},{"start":{"line":107,"column":13},"end":{"line":109,"column":null}}],"line":105},"15":{"loc":{"start":{"line":113,"column":2},"end":{"line":115,"column":null}},"type":"if","locations":[{"start":{"line":113,"column":2},"end":{"line":115,"column":null}},{"start":{},"end":{}}],"line":113},"16":{"loc":{"start":{"line":122,"column":16},"end":{"line":122,"column":null}},"type":"binary-expr","locations":[{"start":{"line":122,"column":16},"end":{"line":122,"column":48}},{"start":{"line":122,"column":48},"end":{"line":122,"column":null}}],"line":122},"17":{"loc":{"start":{"line":124,"column":2},"end":{"line":126,"column":null}},"type":"if","locations":[{"start":{"line":124,"column":2},"end":{"line":126,"column":null}},{"start":{},"end":{}}],"line":124},"18":{"loc":{"start":{"line":143,"column":2},"end":{"line":146,"column":null}},"type":"if","locations":[{"start":{"line":143,"column":2},"end":{"line":146,"column":null}},{"start":{},"end":{}}],"line":143},"19":{"loc":{"start":{"line":150,"column":2},"end":{"line":152,"column":null}},"type":"if","locations":[{"start":{"line":150,"column":2},"end":{"line":152,"column":null}},{"start":{},"end":{}}],"line":150},"20":{"loc":{"start":{"line":150,"column":6},"end":{"line":150,"column":47}},"type":"binary-expr","locations":[{"start":{"line":150,"column":6},"end":{"line":150,"column":37}},{"start":{"line":150,"column":37},"end":{"line":150,"column":47}}],"line":150},"21":{"loc":{"start":{"line":163,"column":4},"end":{"line":165,"column":null}},"type":"cond-expr","locations":[{"start":{"line":164,"column":8},"end":{"line":164,"column":null}},{"start":{"line":165,"column":8},"end":{"line":165,"column":null}}],"line":163},"22":{"loc":{"start":{"line":167,"column":9},"end":{"line":167,"column":null}},"type":"cond-expr","locations":[{"start":{"line":167,"column":21},"end":{"line":167,"column":44}},{"start":{"line":167,"column":44},"end":{"line":167,"column":null}}],"line":167},"23":{"loc":{"start":{"line":179,"column":2},"end":{"line":245,"column":null}},"type":"if","locations":[{"start":{"line":179,"column":2},"end":{"line":245,"column":null}},{"start":{},"end":{}}],"line":179},"24":{"loc":{"start":{"line":184,"column":24},"end":{"line":184,"column":null}},"type":"binary-expr","locations":[{"start":{"line":184,"column":24},"end":{"line":184,"column":56}},{"start":{"line":184,"column":56},"end":{"line":184,"column":null}}],"line":184},"25":{"loc":{"start":{"line":185,"column":10},"end":{"line":187,"column":null}},"type":"if","locations":[{"start":{"line":185,"column":10},"end":{"line":187,"column":null}},{"start":{},"end":{}}],"line":185},"26":{"loc":{"start":{"line":205,"column":10},"end":{"line":208,"column":null}},"type":"if","locations":[{"start":{"line":205,"column":10},"end":{"line":208,"column":null}},{"start":{},"end":{}}],"line":205},"27":{"loc":{"start":{"line":205,"column":14},"end":{"line":205,"column":36}},"type":"binary-expr","locations":[{"start":{"line":205,"column":14},"end":{"line":205,"column":25}},{"start":{"line":205,"column":25},"end":{"line":205,"column":36}}],"line":205},"28":{"loc":{"start":{"line":216,"column":12},"end":{"line":216,"column":null}},"type":"if","locations":[{"start":{"line":216,"column":12},"end":{"line":216,"column":null}},{"start":{},"end":{}}],"line":216},"29":{"loc":{"start":{"line":220,"column":21},"end":{"line":220,"column":null}},"type":"binary-expr","locations":[{"start":{"line":220,"column":21},"end":{"line":220,"column":36}},{"start":{"line":220,"column":36},"end":{"line":220,"column":null}}],"line":220},"30":{"loc":{"start":{"line":224,"column":14},"end":{"line":224,"column":null}},"type":"if","locations":[{"start":{"line":224,"column":14},"end":{"line":224,"column":null}},{"start":{},"end":{}}],"line":224},"31":{"loc":{"start":{"line":226,"column":14},"end":{"line":226,"column":null}},"type":"if","locations":[{"start":{"line":226,"column":14},"end":{"line":226,"column":null}},{"start":{},"end":{}}],"line":226},"32":{"loc":{"start":{"line":230,"column":16},"end":{"line":232,"column":null}},"type":"if","locations":[{"start":{"line":230,"column":16},"end":{"line":232,"column":null}},{"start":{},"end":{}}],"line":230},"33":{"loc":{"start":{"line":230,"column":20},"end":{"line":230,"column":56}},"type":"binary-expr","locations":[{"start":{"line":230,"column":20},"end":{"line":230,"column":49}},{"start":{"line":230,"column":49},"end":{"line":230,"column":56}}],"line":230},"34":{"loc":{"start":{"line":264,"column":10},"end":{"line":275,"column":null}},"type":"if","locations":[{"start":{"line":264,"column":10},"end":{"line":275,"column":null}},{"start":{"line":273,"column":10},"end":{"line":275,"column":null}}],"line":264},"35":{"loc":{"start":{"line":266,"column":12},"end":{"line":272,"column":null}},"type":"if","locations":[{"start":{"line":266,"column":12},"end":{"line":272,"column":null}},{"start":{},"end":{}}],"line":266},"36":{"loc":{"start":{"line":268,"column":16},"end":{"line":270,"column":null}},"type":"if","locations":[{"start":{"line":268,"column":16},"end":{"line":270,"column":null}},{"start":{},"end":{}}],"line":268},"37":{"loc":{"start":{"line":268,"column":20},"end":{"line":268,"column":77}},"type":"binary-expr","locations":[{"start":{"line":268,"column":20},"end":{"line":268,"column":45}},{"start":{"line":268,"column":45},"end":{"line":268,"column":77}}],"line":268},"38":{"loc":{"start":{"line":273,"column":10},"end":{"line":275,"column":null}},"type":"if","locations":[{"start":{"line":273,"column":10},"end":{"line":275,"column":null}},{"start":{},"end":{}}],"line":273},"39":{"loc":{"start":{"line":273,"column":21},"end":{"line":273,"column":81}},"type":"binary-expr","locations":[{"start":{"line":273,"column":21},"end":{"line":273,"column":50}},{"start":{"line":273,"column":50},"end":{"line":273,"column":81}}],"line":273},"40":{"loc":{"start":{"line":309,"column":25},"end":{"line":309,"column":null}},"type":"cond-expr","locations":[{"start":{"line":309,"column":53},"end":{"line":309,"column":72}},{"start":{"line":309,"column":72},"end":{"line":309,"column":null}}],"line":309},"41":{"loc":{"start":{"line":320,"column":8},"end":{"line":320,"column":null}},"type":"cond-expr","locations":[{"start":{"line":320,"column":37},"end":{"line":320,"column":57}},{"start":{"line":320,"column":57},"end":{"line":320,"column":null}}],"line":320}},"s":{"0":20,"1":20,"2":13,"3":7,"4":30,"5":30,"6":30,"7":5,"8":30,"9":17,"10":17,"11":1,"12":16,"13":16,"14":4,"15":12,"16":12,"17":17,"18":17,"19":17,"20":17,"21":17,"22":193,"23":193,"24":103,"25":2,"26":101,"27":2,"28":99,"29":19,"30":103,"31":90,"32":19,"33":71,"34":14,"35":57,"36":13,"37":13,"38":11,"39":1,"40":5,"41":5,"42":5,"43":5,"44":4,"45":4,"46":3,"47":1,"48":4,"49":1,"50":3,"51":8,"52":8,"53":8,"54":0,"55":8,"56":8,"57":0,"58":0,"59":0,"60":8,"61":8,"62":8,"63":0,"64":8,"65":13,"66":13,"67":3,"68":7,"69":7,"70":7,"71":5,"72":5,"73":5,"74":5,"75":5,"76":1,"77":4,"78":4,"79":1,"80":0,"81":1,"82":3,"83":3,"84":3,"85":3,"86":6,"87":6,"88":3,"89":3,"90":3,"91":3,"92":6,"93":8,"94":8,"95":1,"96":7,"97":7,"98":3,"99":4,"100":4,"101":4,"102":8,"103":3,"104":3,"105":2,"106":2,"107":2,"108":2,"109":2,"110":2,"111":3,"112":1,"113":1,"114":1,"115":3,"116":2,"117":2,"118":1,"119":1,"120":1,"121":5,"122":5,"123":8,"124":8,"125":8,"126":8,"127":8,"128":5,"129":5,"130":3,"131":3,"132":3,"133":3,"134":1,"135":1},"f":{"0":20,"1":30,"2":17,"3":5,"4":8,"5":0,"6":13,"7":7,"8":5,"9":0,"10":2,"11":5,"12":8},"b":{"0":[13,7],"1":[5,25],"2":[1,16],"3":[4,12],"4":[11,1],"5":[103,90],"6":[2,101],"7":[2,99],"8":[19,80],"9":[19,71],"10":[14,57],"11":[13,44],"12":[11,2],"13":[4,0],"14":[3,1],"15":[1,3],"16":[8,8],"17":[0,8],"18":[0,8],"19":[0,8],"20":[8,8],"21":[8,5],"22":[9,2],"23":[5,2],"24":[5,5],"25":[1,4],"26":[1,3],"27":[4,3],"28":[3,3],"29":[3,0],"30":[1,7],"31":[3,4],"32":[3,5],"33":[8,3],"34":[1,2],"35":[1,0],"36":[2,1],"37":[3,2],"38":[1,1],"39":[2,2],"40":[3,0],"41":[1,0]},"meta":{"lastBranch":42,"lastFunction":13,"lastStatement":136,"seen":{"f:31:9:31:58":0,"s:32:19:32:Infinity":0,"b:33:2:33:Infinity:undefined:undefined:undefined:undefined":0,"s:33:2:33:Infinity":1,"s:33:33:33:Infinity":2,"s:34:2:34:Infinity":3,"f:37:16:37:32":1,"s:38:16:38:Infinity":4,"s:40:21:40:Infinity":5,"b:41:2:43:Infinity:undefined:undefined:undefined:undefined":1,"s:41:2:43:Infinity":6,"s:42:4:42:Infinity":7,"s:44:2:44:Infinity":8,"f:54:16:54:37":2,"s:55:18:55:Infinity":9,"b:56:2:56:Infinity:undefined:undefined:undefined:undefined":2,"s:56:2:56:Infinity":10,"s:56:16:56:Infinity":11,"s:58:16:58:Infinity":12,"b:59:2:59:Infinity:undefined:undefined:undefined:undefined":3,"s:59:2:59:Infinity":13,"s:59:20:59:Infinity":14,"s:61:15:61:Infinity":15,"s:62:16:62:Infinity":16,"b:62:31:62:37:62:37:62:Infinity":4,"s:63:14:63:Infinity":17,"s:64:17:64:Infinity":18,"s:65:16:65:Infinity":19,"s:67:2:83:Infinity":20,"s:67:15:67:22":21,"s:68:15:68:Infinity":22,"b:69:4:74:Infinity:undefined:undefined:undefined:undefined":5,"s:69:4:74:Infinity":23,"b:70:6:72:Infinity:70:29:72:Infinity":6,"s:70:6:72:Infinity":24,"s:70:19:70:Infinity":25,"b:70:29:72:Infinity:71:38:72:Infinity":7,"s:70:29:72:Infinity":26,"s:71:28:71:Infinity":27,"b:71:38:72:Infinity:undefined:undefined:undefined:undefined":8,"s:71:38:72:Infinity":28,"s:72:27:72:Infinity":29,"s:73:6:73:Infinity":30,"b:75:4:82:Infinity:77:4:82:Infinity":9,"s:75:4:82:Infinity":31,"s:76:6:76:Infinity":32,"b:77:4:82:Infinity:79:4:82:Infinity":10,"s:77:4:82:Infinity":33,"s:78:6:78:Infinity":34,"b:79:4:82:Infinity:undefined:undefined:undefined:undefined":11,"s:79:4:82:Infinity":35,"s:80:6:80:Infinity":36,"b:81:6:81:Infinity:undefined:undefined:undefined:undefined":12,"s:81:6:81:Infinity":37,"s:81:23:81:Infinity":38,"s:87:2:87:Infinity":39,"f:90:15:90:41":3,"s:91:20:91:Infinity":40,"s:93:12:100:Infinity":41,"s:102:15:102:Infinity":42,"s:103:2:111:Infinity":43,"b:104:4:110:Infinity:undefined:undefined:undefined:undefined":13,"s:104:4:110:Infinity":44,"b:105:6:109:Infinity:107:13:109:Infinity":14,"s:105:6:109:Infinity":45,"s:106:8:106:Infinity":46,"s:108:8:108:Infinity":47,"b:113:2:115:Infinity:undefined:undefined:undefined:undefined":15,"s:113:2:115:Infinity":48,"s:114:4:114:Infinity":49,"s:117:2:117:Infinity":50,"f:120:15:120:37":4,"s:121:17:121:Infinity":51,"s:122:16:122:Infinity":52,"b:122:16:122:48:122:48:122:Infinity":16,"b:124:2:126:Infinity:undefined:undefined:undefined:undefined":17,"s:124:2:126:Infinity":53,"s:125:4:125:Infinity":54,"s:128:14:141:Infinity":55,"b:143:2:146:Infinity:undefined:undefined:undefined:undefined":18,"s:143:2:146:Infinity":56,"s:144:17:144:Infinity":57,"f:144:40:144:46":5,"s:144:46:144:48":58,"s:145:4:145:Infinity":59,"s:148:15:148:Infinity":60,"s:149:18:149:Infinity":61,"b:150:2:152:Infinity:undefined:undefined:undefined:undefined":19,"s:150:2:152:Infinity":62,"b:150:6:150:37:150:37:150:47":20,"s:151:4:151:Infinity":63,"s:153:2:153:Infinity":64,"f:160:22:160:31":6,"s:161:19:161:Infinity":65,"s:163:4:165:Infinity":66,"b:164:8:164:Infinity:165:8:165:Infinity":21,"s:167:2:167:Infinity":67,"b:167:21:167:44:167:44:167:Infinity":22,"f:175:16:175:31":7,"s:176:19:176:Infinity":68,"s:177:18:177:Infinity":69,"b:179:2:245:Infinity:undefined:undefined:undefined:undefined":23,"s:179:2:245:Infinity":70,"s:180:4:244:Infinity":71,"f:181:12:181:18":8,"s:182:8:242:Infinity":72,"s:183:25:183:Infinity":73,"s:184:24:184:Infinity":74,"b:184:24:184:56:184:56:184:Infinity":24,"b:185:10:187:Infinity:undefined:undefined:undefined:undefined":25,"s:185:10:187:Infinity":75,"s:186:12:186:Infinity":76,"s:189:22:203:Infinity":77,"b:205:10:208:Infinity:undefined:undefined:undefined:undefined":26,"s:205:10:208:Infinity":78,"b:205:14:205:25:205:25:205:36":27,"s:206:25:206:Infinity":79,"f:206:48:206:54":9,"s:206:54:206:56":80,"s:207:12:207:Infinity":81,"s:210:25:210:Infinity":82,"s:211:26:211:Infinity":83,"s:212:23:212:Infinity":84,"s:214:10:237:Infinity":85,"s:215:36:215:Infinity":86,"b:216:12:216:Infinity:undefined:undefined:undefined:undefined":28,"s:216:12:216:Infinity":87,"s:216:22:216:Infinity":88,"s:217:12:217:Infinity":89,"s:219:26:219:Infinity":90,"s:220:12:220:Infinity":91,"b:220:21:220:36:220:36:220:Infinity":29,"s:222:12:236:Infinity":92,"s:223:30:223:Infinity":93,"b:224:14:224:Infinity:undefined:undefined:undefined:undefined":30,"s:224:14:224:Infinity":94,"s:224:48:224:Infinity":95,"s:225:30:225:Infinity":96,"b:226:14:226:Infinity:undefined:undefined:undefined:undefined":31,"s:226:14:226:Infinity":97,"s:226:40:226:Infinity":98,"s:227:14:235:Infinity":99,"s:228:31:228:Infinity":100,"s:229:30:229:Infinity":101,"b:230:16:232:Infinity:undefined:undefined:undefined:undefined":32,"s:230:16:232:Infinity":102,"b:230:20:230:49:230:49:230:56":33,"s:231:18:231:Infinity":103,"s:239:10:239:Infinity":104,"s:241:10:241:Infinity":105,"s:249:2:283:Infinity":106,"f:250:10:250:16":10,"s:251:6:281:Infinity":107,"s:252:26:252:Infinity":108,"s:254:18:261:Infinity":109,"s:263:8:276:Infinity":110,"b:264:10:275:Infinity:273:10:275:Infinity":34,"s:264:10:275:Infinity":111,"s:265:28:265:Infinity":112,"b:266:12:272:Infinity:undefined:undefined:undefined:undefined":35,"s:266:12:272:Infinity":113,"s:267:14:271:Infinity":114,"b:268:16:270:Infinity:undefined:undefined:undefined:undefined":36,"s:268:16:270:Infinity":115,"b:268:20:268:45:268:45:268:77":37,"s:269:18:269:Infinity":116,"b:273:10:275:Infinity:undefined:undefined:undefined:undefined":38,"s:273:10:275:Infinity":117,"b:273:21:273:50:273:50:273:81":39,"s:274:12:274:Infinity":118,"s:278:8:278:Infinity":119,"s:280:8:280:Infinity":120,"f:292:22:292:38":11,"s:297:16:297:Infinity":121,"s:298:18:304:Infinity":122,"f:298:18:298:25":12,"s:299:16:299:Infinity":123,"s:300:4:300:Infinity":124,"s:301:20:301:Infinity":125,"s:302:19:302:Infinity":126,"s:303:4:303:Infinity":127,"s:306:2:328:Infinity":128,"s:307:4:307:Infinity":129,"s:309:25:309:Infinity":130,"b:309:53:309:72:309:72:309:Infinity":40,"s:310:24:310:Infinity":131,"s:312:4:327:Infinity":132,"s:313:6:313:Infinity":133,"s:318:6:323:Infinity":134,"b:320:37:320:57:320:57:320:Infinity":41,"s:324:6:326:Infinity":135},"fnNames":{}}}
,"/Users/xiaoren/Downloads/Projects/hackathon/inroad/devsoc-winners/lib/prompts.ts": {"path":"/Users/xiaoren/Downloads/Projects/hackathon/inroad/devsoc-winners/lib/prompts.ts","statementMap":{"0":{"start":{"line":9,"column":28},"end":{"line":9,"column":null}},"1":{"start":{"line":39,"column":25},"end":{"line":39,"column":null}},"2":{"start":{"line":74,"column":30},"end":{"line":74,"column":null}},"3":{"start":{"line":107,"column":29},"end":{"line":107,"column":null}},"4":{"start":{"line":125,"column":33},"end":{"line":125,"column":null}},"5":{"start":{"line":144,"column":29},"end":{"line":144,"column":null}},"6":{"start":{"line":160,"column":22},"end":{"line":160,"column":null}}},"fnMap":{},"branchMap":{},"s":{"0":1,"1":1,"2":1,"3":1,"4":1,"5":1,"6":1},"f":{},"b":{},"meta":{"lastBranch":0,"lastFunction":0,"lastStatement":7,"seen":{"s:9:28:9:Infinity":0,"s:39:25:39:Infinity":1,"s:74:30:74:Infinity":2,"s:107:29:107:Infinity":3,"s:125:33:125:Infinity":4,"s:144:29:144:Infinity":5,"s:160:22:160:Infinity":6},"fnNames":{}}}
,"/Users/xiaoren/Downloads/Projects/hackathon/inroad/devsoc-winners/lib/schemas.ts": {"path":"/Users/xiaoren/Downloads/Projects/hackathon/inroad/devsoc-winners/lib/schemas.ts","statementMap":{"0":{"start":{"line":7,"column":32},"end":{"line":12,"column":null}},"1":{"start":{"line":15,"column":31},"end":{"line":19,"column":null}},"2":{"start":{"line":22,"column":33},"end":{"line":26,"column":null}},"3":{"start":{"line":29,"column":29},"end":{"line":38,"column":null}},"4":{"start":{"line":41,"column":30},"end":{"line":66,"column":null}},"5":{"start":{"line":72,"column":33},"end":{"line":77,"column":null}},"6":{"start":{"line":80,"column":29},"end":{"line":93,"column":null}}},"fnMap":{},"branchMap":{},"s":{"0":2,"1":2,"2":2,"3":2,"4":2,"5":2,"6":2},"f":{},"b":{},"meta":{"lastBranch":0,"lastFunction":0,"lastStatement":7,"seen":{"s:7:32:12:Infinity":0,"s:15:31:19:Infinity":1,"s:22:33:26:Infinity":2,"s:29:29:38:Infinity":3,"s:41:30:66:Infinity":4,"s:72:33:77:Infinity":5,"s:80:29:93:Infinity":6},"fnNames":{}}}
,"/Users/xiaoren/Downloads/Projects/hackathon/inroad/devsoc-winners/lib/store.ts": {"path":"/Users/xiaoren/Downloads/Projects/hackathon/inroad/devsoc-winners/lib/store.ts","statementMap":{"0":{"start":{"line":34,"column":21},"end":{"line":42,"column":null}},"1":{"start":{"line":53,"column":13},"end":{"line":96,"column":null}},"2":{"start":{"line":55,"column":14},"end":{"line":90,"column":null}},"3":{"start":{"line":58,"column":31},"end":{"line":58,"column":null}},"4":{"start":{"line":59,"column":25},"end":{"line":59,"column":null}},"5":{"start":{"line":61,"column":8},"end":{"line":67,"column":null}},"6":{"start":{"line":64,"column":10},"end":{"line":66,"column":null}},"7":{"start":{"line":64,"column":33},"end":{"line":64,"column":50}},"8":{"start":{"line":69,"column":8},"end":{"line":73,"column":null}},"9":{"start":{"line":69,"column":24},"end":{"line":73,"column":10}},"10":{"start":{"line":71,"column":12},"end":{"line":71,"column":null}},"11":{"start":{"line":74,"column":33},"end":{"line":74,"column":null}},"12":{"start":{"line":75,"column":31},"end":{"line":75,"column":null}},"13":{"start":{"line":75,"column":47},"end":{"line":75,"column":90}},"14":{"start":{"line":77,"column":8},"end":{"line":79,"column":null}},"15":{"start":{"line":77,"column":24},"end":{"line":79,"column":10}},"16":{"start":{"line":78,"column":47},"end":{"line":78,"column":84}},"17":{"start":{"line":80,"column":32},"end":{"line":80,"column":null}},"18":{"start":{"line":82,"column":8},"end":{"line":86,"column":null}},"19":{"start":{"line":82,"column":24},"end":{"line":86,"column":10}},"20":{"start":{"line":84,"column":49},"end":{"line":84,"column":57}},"21":{"start":{"line":87,"column":24},"end":{"line":87,"column":null}},"22":{"start":{"line":87,"column":40},"end":{"line":87,"column":79}},"23":{"start":{"line":88,"column":40},"end":{"line":88,"column":null}},"24":{"start":{"line":89,"column":19},"end":{"line":89,"column":null}},"25":{"start":{"line":93,"column":39},"end":{"line":93,"column":53}}},"fnMap":{"0":{"name":"(anonymous_0)","decl":{"start":{"line":55,"column":4},"end":{"line":55,"column":5}},"loc":{"start":{"line":55,"column":14},"end":{"line":90,"column":null}},"line":55},"1":{"name":"(anonymous_1)","decl":{"start":{"line":58,"column":18},"end":{"line":58,"column":19}},"loc":{"start":{"line":58,"column":31},"end":{"line":58,"column":null}},"line":58},"2":{"name":"(anonymous_2)","decl":{"start":{"line":59,"column":15},"end":{"line":59,"column":16}},"loc":{"start":{"line":59,"column":25},"end":{"line":59,"column":null}},"line":59},"3":{"name":"(anonymous_3)","decl":{"start":{"line":60,"column":14},"end":{"line":60,"column":15}},"loc":{"start":{"line":61,"column":8},"end":{"line":67,"column":null}},"line":61},"4":{"name":"(anonymous_4)","decl":{"start":{"line":61,"column":12},"end":{"line":61,"column":13}},"loc":{"start":{"line":64,"column":10},"end":{"line":66,"column":null}},"line":64},"5":{"name":"(anonymous_5)","decl":{"start":{"line":64,"column":26},"end":{"line":64,"column":27}},"loc":{"start":{"line":64,"column":33},"end":{"line":64,"column":50}},"line":64},"6":{"name":"(anonymous_6)","decl":{"start":{"line":68,"column":23},"end":{"line":68,"column":24}},"loc":{"start":{"line":69,"column":8},"end":{"line":73,"column":null}},"line":69},"7":{"name":"(anonymous_7)","decl":{"start":{"line":69,"column":12},"end":{"line":69,"column":13}},"loc":{"start":{"line":69,"column":24},"end":{"line":73,"column":10}},"line":69},"8":{"name":"(anonymous_8)","decl":{"start":{"line":70,"column":34},"end":{"line":70,"column":35}},"loc":{"start":{"line":71,"column":12},"end":{"line":71,"column":null}},"line":71},"9":{"name":"(anonymous_9)","decl":{"start":{"line":74,"column":19},"end":{"line":74,"column":20}},"loc":{"start":{"line":74,"column":33},"end":{"line":74,"column":null}},"line":74},"10":{"name":"(anonymous_10)","decl":{"start":{"line":75,"column":18},"end":{"line":75,"column":19}},"loc":{"start":{"line":75,"column":31},"end":{"line":75,"column":null}},"line":75},"11":{"name":"(anonymous_11)","decl":{"start":{"line":75,"column":35},"end":{"line":75,"column":36}},"loc":{"start":{"line":75,"column":47},"end":{"line":75,"column":90}},"line":75},"12":{"name":"(anonymous_12)","decl":{"start":{"line":76,"column":21},"end":{"line":76,"column":22}},"loc":{"start":{"line":77,"column":8},"end":{"line":79,"column":null}},"line":77},"13":{"name":"(anonymous_13)","decl":{"start":{"line":77,"column":12},"end":{"line":77,"column":13}},"loc":{"start":{"line":77,"column":24},"end":{"line":79,"column":10}},"line":77},"14":{"name":"(anonymous_14)","decl":{"start":{"line":78,"column":39},"end":{"line":78,"column":40}},"loc":{"start":{"line":78,"column":47},"end":{"line":78,"column":84}},"line":78},"15":{"name":"(anonymous_15)","decl":{"start":{"line":80,"column":24},"end":{"line":80,"column":25}},"loc":{"start":{"line":80,"column":32},"end":{"line":80,"column":null}},"line":80},"16":{"name":"(anonymous_16)","decl":{"start":{"line":81,"column":25},"end":{"line":81,"column":26}},"loc":{"start":{"line":82,"column":8},"end":{"line":86,"column":null}},"line":82},"17":{"name":"(anonymous_17)","decl":{"start":{"line":82,"column":12},"end":{"line":82,"column":13}},"loc":{"start":{"line":82,"column":24},"end":{"line":86,"column":10}},"line":82},"18":{"name":"(anonymous_18)","decl":{"start":{"line":84,"column":42},"end":{"line":84,"column":43}},"loc":{"start":{"line":84,"column":49},"end":{"line":84,"column":57}},"line":84},"19":{"name":"(anonymous_19)","decl":{"start":{"line":87,"column":18},"end":{"line":87,"column":24}},"loc":{"start":{"line":87,"column":24},"end":{"line":87,"column":null}},"line":87},"20":{"name":"(anonymous_20)","decl":{"start":{"line":87,"column":28},"end":{"line":87,"column":29}},"loc":{"start":{"line":87,"column":40},"end":{"line":87,"column":79}},"line":87},"21":{"name":"(anonymous_21)","decl":{"start":{"line":88,"column":31},"end":{"line":88,"column":32}},"loc":{"start":{"line":88,"column":40},"end":{"line":88,"column":null}},"line":88},"22":{"name":"(anonymous_22)","decl":{"start":{"line":89,"column":13},"end":{"line":89,"column":19}},"loc":{"start":{"line":89,"column":19},"end":{"line":89,"column":null}},"line":89},"23":{"name":"(anonymous_23)","decl":{"start":{"line":93,"column":33},"end":{"line":93,"column":39}},"loc":{"start":{"line":93,"column":39},"end":{"line":93,"column":53}},"line":93}},"branchMap":{"0":{"loc":{"start":{"line":64,"column":10},"end":{"line":66,"column":null}},"type":"cond-expr","locations":[{"start":{"line":65,"column":14},"end":{"line":65,"column":null}},{"start":{"line":66,"column":14},"end":{"line":66,"column":null}}],"line":64},"1":{"loc":{"start":{"line":71,"column":12},"end":{"line":71,"column":null}},"type":"cond-expr","locations":[{"start":{"line":71,"column":35},"end":{"line":71,"column":60}},{"start":{"line":71,"column":60},"end":{"line":71,"column":null}}],"line":71},"2":{"loc":{"start":{"line":78,"column":47},"end":{"line":78,"column":84}},"type":"cond-expr","locations":[{"start":{"line":78,"column":61},"end":{"line":78,"column":82}},{"start":{"line":78,"column":82},"end":{"line":78,"column":84}}],"line":78},"3":{"loc":{"start":{"line":83,"column":26},"end":{"line":85,"column":null}},"type":"cond-expr","locations":[{"start":{"line":84,"column":14},"end":{"line":84,"column":null}},{"start":{"line":85,"column":14},"end":{"line":85,"column":null}}],"line":83}},"s":{"0":1,"1":1,"2":1,"3":1,"4":0,"5":7,"6":7,"7":3,"8":2,"9":2,"10":4,"11":1,"12":0,"13":0,"14":1,"15":1,"16":2,"17":1,"18":2,"19":2,"20":1,"21":2,"22":2,"23":0,"24":9,"25":1},"f":{"0":1,"1":1,"2":0,"3":7,"4":7,"5":3,"6":2,"7":2,"8":4,"9":1,"10":0,"11":0,"12":1,"13":1,"14":2,"15":1,"16":2,"17":2,"18":1,"19":2,"20":2,"21":0,"22":9,"23":1},"b":{"0":[1,6],"1":[2,2],"2":[1,1],"3":[1,1]},"meta":{"lastBranch":4,"lastFunction":24,"lastStatement":26,"seen":{"s:34:21:42:Infinity":0,"s:53:13:96:Infinity":1,"f:55:4:55:5":0,"s:55:14:90:Infinity":2,"f:58:18:58:19":1,"s:58:31:58:Infinity":3,"f:59:15:59:16":2,"s:59:25:59:Infinity":4,"f:60:14:60:15":3,"s:61:8:67:Infinity":5,"f:61:12:61:13":4,"s:64:10:66:Infinity":6,"b:65:14:65:Infinity:66:14:66:Infinity":0,"f:64:26:64:27":5,"s:64:33:64:50":7,"f:68:23:68:24":6,"s:69:8:73:Infinity":8,"f:69:12:69:13":7,"s:69:24:73:10":9,"f:70:34:70:35":8,"s:71:12:71:Infinity":10,"b:71:35:71:60:71:60:71:Infinity":1,"f:74:19:74:20":9,"s:74:33:74:Infinity":11,"f:75:18:75:19":10,"s:75:31:75:Infinity":12,"f:75:35:75:36":11,"s:75:47:75:90":13,"f:76:21:76:22":12,"s:77:8:79:Infinity":14,"f:77:12:77:13":13,"s:77:24:79:10":15,"f:78:39:78:40":14,"s:78:47:78:84":16,"b:78:61:78:82:78:82:78:84":2,"f:80:24:80:25":15,"s:80:32:80:Infinity":17,"f:81:25:81:26":16,"s:82:8:86:Infinity":18,"f:82:12:82:13":17,"s:82:24:86:10":19,"b:84:14:84:Infinity:85:14:85:Infinity":3,"f:84:42:84:43":18,"s:84:49:84:57":20,"f:87:18:87:24":19,"s:87:24:87:Infinity":21,"f:87:28:87:29":20,"s:87:40:87:79":22,"f:88:31:88:32":21,"s:88:40:88:Infinity":23,"f:89:13:89:19":22,"s:89:19:89:Infinity":24,"f:93:33:93:39":23,"s:93:39:93:53":25},"fnNames":{}}}
,"/Users/xiaoren/Downloads/Projects/hackathon/inroad/devsoc-winners/lib/utils.ts": {"path":"/Users/xiaoren/Downloads/Projects/hackathon/inroad/devsoc-winners/lib/utils.ts","statementMap":{"0":{"start":{"line":5,"column":2},"end":{"line":5,"column":null}}},"fnMap":{"0":{"name":"cn","decl":{"start":{"line":4,"column":16},"end":{"line":4,"column":22}},"loc":{"start":{"line":4,"column":44},"end":{"line":6,"column":null}},"line":4}},"branchMap":{},"s":{"0":2},"f":{"0":2},"b":{},"meta":{"lastBranch":0,"lastFunction":1,"lastStatement":1,"seen":{"f:4:16:4:22":0,"s:5:2:5:Infinity":0},"fnNames":{}}}
}
